<?xml version="1.0" encoding="UTF-8"?>
<testsuite xmlns:xsi="http://www.w3.org/2001/XMLSchema-instance" xsi:noNamespaceSchemaLocation="https://maven.apache.org/surefire/maven-surefire-plugin/xsd/surefire-test-report-3.0.xsd" version="3.0" name="org.acme.camelIntegracionFueradeLineaaparrab.MyApplicationTest" time="1.703" tests="1" errors="0" skipped="0" failures="0">
  <properties>
    <property name="java.specification.version" value="17"/>
    <property name="sun.cpu.isalist" value="amd64"/>
    <property name="sun.jnu.encoding" value="Cp1252"/>
    <property name="java.class.path" value="E:\IntegracionFueraDeLinea\target\test-classes;E:\IntegracionFueraDeLinea\target\classes;C:\Users\aparrab\.m2\repository\org\apache\camel\camel-core-engine\3.18.3\camel-core-engine-3.18.3.jar;C:\Users\aparrab\.m2\repository\org\apache\camel\camel-api\3.18.3\camel-api-3.18.3.jar;C:\Users\aparrab\.m2\repository\jakarta\xml\bind\jakarta.xml.bind-api\2.3.3\jakarta.xml.bind-api-2.3.3.jar;C:\Users\aparrab\.m2\repository\jakarta\activation\jakarta.activation-api\1.2.2\jakarta.activation-api-1.2.2.jar;C:\Users\aparrab\.m2\repository\org\apache\camel\camel-base-engine\3.18.3\camel-base-engine-3.18.3.jar;C:\Users\aparrab\.m2\repository\org\apache\camel\camel-core-reifier\3.18.3\camel-core-reifier-3.18.3.jar;C:\Users\aparrab\.m2\repository\org\apache\camel\camel-core-model\3.18.3\camel-core-model-3.18.3.jar;C:\Users\aparrab\.m2\repository\org\apache\camel\camel-core-processor\3.18.3\camel-core-processor-3.18.3.jar;C:\Users\aparrab\.m2\repository\org\apache\camel\camel-management-api\3.18.3\camel-management-api-3.18.3.jar;C:\Users\aparrab\.m2\repository\org\apache\camel\camel-support\3.18.3\camel-support-3.18.3.jar;C:\Users\aparrab\.m2\repository\org\apache\camel\camel-util\3.18.3\camel-util-3.18.3.jar;C:\Users\aparrab\.m2\repository\org\apache\camel\camel-main\3.18.3\camel-main-3.18.3.jar;C:\Users\aparrab\.m2\repository\org\apache\camel\camel-base\3.18.3\camel-base-3.18.3.jar;C:\Users\aparrab\.m2\repository\org\apache\camel\camel-core-languages\3.18.3\camel-core-languages-3.18.3.jar;C:\Users\aparrab\.m2\repository\org\apache\camel\camel-bean\3.18.3\camel-bean-3.18.3.jar;C:\Users\aparrab\.m2\repository\org\apache\camel\camel-log\3.18.3\camel-log-3.18.3.jar;C:\Users\aparrab\.m2\repository\org\apache\camel\camel-timer\3.18.3\camel-timer-3.18.3.jar;C:\Users\aparrab\.m2\repository\org\apache\logging\log4j\log4j-slf4j-impl\2.13.3\log4j-slf4j-impl-2.13.3.jar;C:\Users\aparrab\.m2\repository\org\slf4j\slf4j-api\1.7.25\slf4j-api-1.7.25.jar;C:\Users\aparrab\.m2\repository\org\apache\logging\log4j\log4j-api\2.13.3\log4j-api-2.13.3.jar;C:\Users\aparrab\.m2\repository\org\apache\logging\log4j\log4j-core\2.13.3\log4j-core-2.13.3.jar;C:\Users\aparrab\.m2\repository\org\apache\camel\camel-test-main-junit5\3.18.3\camel-test-main-junit5-3.18.3.jar;C:\Users\aparrab\.m2\repository\org\apache\camel\camel-test-junit5\3.18.3\camel-test-junit5-3.18.3.jar;C:\Users\aparrab\.m2\repository\org\apache\camel\camel-browse\3.18.3\camel-browse-3.18.3.jar;C:\Users\aparrab\.m2\repository\org\apache\camel\camel-controlbus\3.18.3\camel-controlbus-3.18.3.jar;C:\Users\aparrab\.m2\repository\org\apache\camel\camel-dataformat\3.18.3\camel-dataformat-3.18.3.jar;C:\Users\aparrab\.m2\repository\org\apache\camel\camel-dataset\3.18.3\camel-dataset-3.18.3.jar;C:\Users\aparrab\.m2\repository\org\apache\camel\camel-direct\3.18.3\camel-direct-3.18.3.jar;C:\Users\aparrab\.m2\repository\org\apache\camel\camel-directvm\3.18.3\camel-directvm-3.18.3.jar;C:\Users\aparrab\.m2\repository\org\apache\camel\camel-language\3.18.3\camel-language-3.18.3.jar;C:\Users\aparrab\.m2\repository\org\apache\camel\camel-mock\3.18.3\camel-mock-3.18.3.jar;C:\Users\aparrab\.m2\repository\org\apache\camel\camel-ref\3.18.3\camel-ref-3.18.3.jar;C:\Users\aparrab\.m2\repository\org\apache\camel\camel-rest\3.18.3\camel-rest-3.18.3.jar;C:\Users\aparrab\.m2\repository\org\apache\camel\camel-saga\3.18.3\camel-saga-3.18.3.jar;C:\Users\aparrab\.m2\repository\org\apache\camel\camel-scheduler\3.18.3\camel-scheduler-3.18.3.jar;C:\Users\aparrab\.m2\repository\org\apache\camel\camel-seda\3.18.3\camel-seda-3.18.3.jar;C:\Users\aparrab\.m2\repository\org\apache\camel\camel-stub\3.18.3\camel-stub-3.18.3.jar;C:\Users\aparrab\.m2\repository\org\apache\camel\camel-validator\3.18.3\camel-validator-3.18.3.jar;C:\Users\aparrab\.m2\repository\org\apache\camel\camel-xml-jaxp\3.18.3\camel-xml-jaxp-3.18.3.jar;C:\Users\aparrab\.m2\repository\org\apache\camel\camel-xml-io-util\3.18.3\camel-xml-io-util-3.18.3.jar;C:\Users\aparrab\.m2\repository\org\apache\camel\camel-vm\3.18.3\camel-vm-3.18.3.jar;C:\Users\aparrab\.m2\repository\org\apache\camel\camel-xpath\3.18.3\camel-xpath-3.18.3.jar;C:\Users\aparrab\.m2\repository\org\apache\camel\camel-xslt\3.18.3\camel-xslt-3.18.3.jar;C:\Users\aparrab\.m2\repository\org\junit\jupiter\junit-jupiter-api\5.8.2\junit-jupiter-api-5.8.2.jar;C:\Users\aparrab\.m2\repository\org\opentest4j\opentest4j\1.2.0\opentest4j-1.2.0.jar;C:\Users\aparrab\.m2\repository\org\junit\platform\junit-platform-commons\1.8.2\junit-platform-commons-1.8.2.jar;C:\Users\aparrab\.m2\repository\org\apiguardian\apiguardian-api\1.1.2\apiguardian-api-1.1.2.jar;C:\Users\aparrab\.m2\repository\org\junit\jupiter\junit-jupiter-engine\5.8.2\junit-jupiter-engine-5.8.2.jar;C:\Users\aparrab\.m2\repository\org\junit\platform\junit-platform-engine\1.8.2\junit-platform-engine-1.8.2.jar;C:\Users\aparrab\.m2\repository\org\junit\jupiter\junit-jupiter-params\5.8.2\junit-jupiter-params-5.8.2.jar;C:\Users\aparrab\.m2\repository\org\apache\camel\camel-ftp\3.18.3\camel-ftp-3.18.3.jar;C:\Users\aparrab\.m2\repository\org\apache\camel\camel-file\3.18.3\camel-file-3.18.3.jar;C:\Users\aparrab\.m2\repository\org\apache\camel\camel-cluster\3.18.3\camel-cluster-3.18.3.jar;C:\Users\aparrab\.m2\repository\org\apache\camel\camel-core-catalog\3.18.3\camel-core-catalog-3.18.3.jar;C:\Users\aparrab\.m2\repository\org\apache\camel\camel-tooling-model\3.18.3\camel-tooling-model-3.18.3.jar;C:\Users\aparrab\.m2\repository\org\apache\camel\camel-util-json\3.18.3\camel-util-json-3.18.3.jar;C:\Users\aparrab\.m2\repository\com\github\mwiede\jsch\0.2.1\jsch-0.2.1.jar;C:\Users\aparrab\.m2\repository\commons-net\commons-net\3.8.0\commons-net-3.8.0.jar;C:\Users\aparrab\.m2\repository\org\apache\camel\camel-debezium-postgres\3.18.3\camel-debezium-postgres-3.18.3.jar;C:\Users\aparrab\.m2\repository\org\apache\camel\camel-debezium-common\3.18.3\camel-debezium-common-3.18.3.jar;C:\Users\aparrab\.m2\repository\org\apache\kafka\kafka-clients\3.0.0\kafka-clients-3.0.0.jar;C:\Users\aparrab\.m2\repository\com\github\luben\zstd-jni\1.5.0-2\zstd-jni-1.5.0-2.jar;C:\Users\aparrab\.m2\repository\org\lz4\lz4-java\1.7.1\lz4-java-1.7.1.jar;C:\Users\aparrab\.m2\repository\org\xerial\snappy\snappy-java\1.1.8.1\snappy-java-1.1.8.1.jar;C:\Users\aparrab\.m2\repository\io\debezium\debezium-api\1.9.5.Final\debezium-api-1.9.5.Final.jar;C:\Users\aparrab\.m2\repository\io\debezium\debezium-embedded\1.9.5.Final\debezium-embedded-1.9.5.Final.jar;C:\Users\aparrab\.m2\repository\org\apache\kafka\connect-api\3.2.0\connect-api-3.2.0.jar;C:\Users\aparrab\.m2\repository\javax\ws\rs\javax.ws.rs-api\2.1.1\javax.ws.rs-api-2.1.1.jar;C:\Users\aparrab\.m2\repository\org\apache\kafka\connect-runtime\3.2.0\connect-runtime-3.2.0.jar;C:\Users\aparrab\.m2\repository\org\apache\kafka\connect-transforms\3.2.0\connect-transforms-3.2.0.jar;C:\Users\aparrab\.m2\repository\org\apache\kafka\kafka-tools\3.2.0\kafka-tools-3.2.0.jar;C:\Users\aparrab\.m2\repository\net\sourceforge\argparse4j\argparse4j\0.7.0\argparse4j-0.7.0.jar;C:\Users\aparrab\.m2\repository\ch\qos\reload4j\reload4j\1.2.19\reload4j-1.2.19.jar;C:\Users\aparrab\.m2\repository\org\bitbucket\b_c\jose4j\0.7.9\jose4j-0.7.9.jar;C:\Users\aparrab\.m2\repository\com\fasterxml\jackson\core\jackson-annotations\2.12.6\jackson-annotations-2.12.6.jar;C:\Users\aparrab\.m2\repository\com\fasterxml\jackson\jaxrs\jackson-jaxrs-json-provider\2.12.6\jackson-jaxrs-json-provider-2.12.6.jar;C:\Users\aparrab\.m2\repository\com\fasterxml\jackson\jaxrs\jackson-jaxrs-base\2.12.6\jackson-jaxrs-base-2.12.6.jar;C:\Users\aparrab\.m2\repository\com\fasterxml\jackson\module\jackson-module-jaxb-annotations\2.12.6\jackson-module-jaxb-annotations-2.12.6.jar;C:\Users\aparrab\.m2\repository\org\glassfish\jersey\containers\jersey-container-servlet\2.34\jersey-container-servlet-2.34.jar;C:\Users\aparrab\.m2\repository\org\glassfish\jersey\containers\jersey-container-servlet-core\2.34\jersey-container-servlet-core-2.34.jar;C:\Users\aparrab\.m2\repository\org\glassfish\hk2\external\jakarta.inject\2.6.1\jakarta.inject-2.6.1.jar;C:\Users\aparrab\.m2\repository\org\glassfish\jersey\core\jersey-common\2.34\jersey-common-2.34.jar;C:\Users\aparrab\.m2\repository\jakarta\annotation\jakarta.annotation-api\1.3.5\jakarta.annotation-api-1.3.5.jar;C:\Users\aparrab\.m2\repository\org\glassfish\hk2\osgi-resource-locator\1.0.3\osgi-resource-locator-1.0.3.jar;C:\Users\aparrab\.m2\repository\org\glassfish\jersey\core\jersey-server\2.34\jersey-server-2.34.jar;C:\Users\aparrab\.m2\repository\org\glassfish\jersey\core\jersey-client\2.34\jersey-client-2.34.jar;C:\Users\aparrab\.m2\repository\jakarta\validation\jakarta.validation-api\2.0.2\jakarta.validation-api-2.0.2.jar;C:\Users\aparrab\.m2\repository\jakarta\ws\rs\jakarta.ws.rs-api\2.1.6\jakarta.ws.rs-api-2.1.6.jar;C:\Users\aparrab\.m2\repository\org\glassfish\jersey\inject\jersey-hk2\2.34\jersey-hk2-2.34.jar;C:\Users\aparrab\.m2\repository\org\glassfish\hk2\hk2-locator\2.6.1\hk2-locator-2.6.1.jar;C:\Users\aparrab\.m2\repository\org\glassfish\hk2\external\aopalliance-repackaged\2.6.1\aopalliance-repackaged-2.6.1.jar;C:\Users\aparrab\.m2\repository\org\glassfish\hk2\hk2-api\2.6.1\hk2-api-2.6.1.jar;C:\Users\aparrab\.m2\repository\org\glassfish\hk2\hk2-utils\2.6.1\hk2-utils-2.6.1.jar;C:\Users\aparrab\.m2\repository\org\javassist\javassist\3.25.0-GA\javassist-3.25.0-GA.jar;C:\Users\aparrab\.m2\repository\javax\xml\bind\jaxb-api\2.3.0\jaxb-api-2.3.0.jar;C:\Users\aparrab\.m2\repository\javax\activation\activation\1.1.1\activation-1.1.1.jar;C:\Users\aparrab\.m2\repository\org\eclipse\jetty\jetty-server\9.4.44.v20210927\jetty-server-9.4.44.v20210927.jar;C:\Users\aparrab\.m2\repository\javax\servlet\javax.servlet-api\3.1.0\javax.servlet-api-3.1.0.jar;C:\Users\aparrab\.m2\repository\org\eclipse\jetty\jetty-http\9.4.44.v20210927\jetty-http-9.4.44.v20210927.jar;C:\Users\aparrab\.m2\repository\org\eclipse\jetty\jetty-io\9.4.44.v20210927\jetty-io-9.4.44.v20210927.jar;C:\Users\aparrab\.m2\repository\org\eclipse\jetty\jetty-servlet\9.4.44.v20210927\jetty-servlet-9.4.44.v20210927.jar;C:\Users\aparrab\.m2\repository\org\eclipse\jetty\jetty-security\9.4.44.v20210927\jetty-security-9.4.44.v20210927.jar;C:\Users\aparrab\.m2\repository\org\eclipse\jetty\jetty-util-ajax\9.4.44.v20210927\jetty-util-ajax-9.4.44.v20210927.jar;C:\Users\aparrab\.m2\repository\org\eclipse\jetty\jetty-servlets\9.4.44.v20210927\jetty-servlets-9.4.44.v20210927.jar;C:\Users\aparrab\.m2\repository\org\eclipse\jetty\jetty-continuation\9.4.44.v20210927\jetty-continuation-9.4.44.v20210927.jar;C:\Users\aparrab\.m2\repository\org\eclipse\jetty\jetty-util\9.4.44.v20210927\jetty-util-9.4.44.v20210927.jar;C:\Users\aparrab\.m2\repository\org\eclipse\jetty\jetty-client\9.4.44.v20210927\jetty-client-9.4.44.v20210927.jar;C:\Users\aparrab\.m2\repository\org\reflections\reflections\0.9.12\reflections-0.9.12.jar;C:\Users\aparrab\.m2\repository\org\apache\maven\maven-artifact\3.8.4\maven-artifact-3.8.4.jar;C:\Users\aparrab\.m2\repository\org\codehaus\plexus\plexus-utils\3.3.0\plexus-utils-3.3.0.jar;C:\Users\aparrab\.m2\repository\org\apache\commons\commons-lang3\3.8.1\commons-lang3-3.8.1.jar;C:\Users\aparrab\.m2\repository\org\apache\kafka\connect-json\3.2.0\connect-json-3.2.0.jar;C:\Users\aparrab\.m2\repository\com\fasterxml\jackson\datatype\jackson-datatype-jdk8\2.12.6\jackson-datatype-jdk8-2.12.6.jar;C:\Users\aparrab\.m2\repository\org\apache\kafka\connect-file\3.2.0\connect-file-3.2.0.jar;C:\Users\aparrab\.m2\repository\io\debezium\debezium-connector-postgres\1.9.5.Final\debezium-connector-postgres-1.9.5.Final.jar;C:\Users\aparrab\.m2\repository\io\debezium\debezium-core\1.9.5.Final\debezium-core-1.9.5.Final.jar;C:\Users\aparrab\.m2\repository\com\fasterxml\jackson\core\jackson-core\2.13.2\jackson-core-2.13.2.jar;C:\Users\aparrab\.m2\repository\com\fasterxml\jackson\core\jackson-databind\2.13.2.2\jackson-databind-2.13.2.2.jar;C:\Users\aparrab\.m2\repository\com\fasterxml\jackson\datatype\jackson-datatype-jsr310\2.13.2\jackson-datatype-jsr310-2.13.2.jar;C:\Users\aparrab\.m2\repository\com\google\guava\guava\30.1.1-jre\guava-30.1.1-jre.jar;C:\Users\aparrab\.m2\repository\com\google\guava\failureaccess\1.0.1\failureaccess-1.0.1.jar;C:\Users\aparrab\.m2\repository\com\google\guava\listenablefuture\9999.0-empty-to-avoid-conflict-with-guava\listenablefuture-9999.0-empty-to-avoid-conflict-with-guava.jar;C:\Users\aparrab\.m2\repository\org\postgresql\postgresql\42.3.5\postgresql-42.3.5.jar;C:\Users\aparrab\.m2\repository\org\checkerframework\checker-qual\3.5.0\checker-qual-3.5.0.jar;C:\Users\aparrab\.m2\repository\com\google\protobuf\protobuf-java\3.19.2\protobuf-java-3.19.2.jar;"/>
    <property name="java.vm.vendor" value="Amazon.com Inc."/>
    <property name="sun.arch.data.model" value="64"/>
    <property name="user.variant" value=""/>
    <property name="java.vendor.url" value="https://aws.amazon.com/corretto/"/>
    <property name="user.timezone" value="America/Guayaquil"/>
    <property name="os.name" value="Windows 10"/>
    <property name="java.vm.specification.version" value="17"/>
    <property name="sun.java.launcher" value="SUN_STANDARD"/>
    <property name="user.country" value="EC"/>
    <property name="sun.boot.library.path" value="C:\amazon-corretto-17.0.10.7.1-windows-x64-jdk\jdk17.0.10_7\bin"/>
    <property name="sun.java.command" value="C:\Users\aparrab\AppData\Local\Temp\surefire7679529644159871539\surefirebooter17270769106937233864.jar C:\Users\aparrab\AppData\Local\Temp\surefire7679529644159871539 2024-03-13T10-57-42_027-jvmRun1 surefire17738441433542014567tmp surefire_014129440807315990795tmp"/>
    <property name="jdk.debug" value="release"/>
    <property name="surefire.test.class.path" value="E:\IntegracionFueraDeLinea\target\test-classes;E:\IntegracionFueraDeLinea\target\classes;C:\Users\aparrab\.m2\repository\org\apache\camel\camel-core-engine\3.18.3\camel-core-engine-3.18.3.jar;C:\Users\aparrab\.m2\repository\org\apache\camel\camel-api\3.18.3\camel-api-3.18.3.jar;C:\Users\aparrab\.m2\repository\jakarta\xml\bind\jakarta.xml.bind-api\2.3.3\jakarta.xml.bind-api-2.3.3.jar;C:\Users\aparrab\.m2\repository\jakarta\activation\jakarta.activation-api\1.2.2\jakarta.activation-api-1.2.2.jar;C:\Users\aparrab\.m2\repository\org\apache\camel\camel-base-engine\3.18.3\camel-base-engine-3.18.3.jar;C:\Users\aparrab\.m2\repository\org\apache\camel\camel-core-reifier\3.18.3\camel-core-reifier-3.18.3.jar;C:\Users\aparrab\.m2\repository\org\apache\camel\camel-core-model\3.18.3\camel-core-model-3.18.3.jar;C:\Users\aparrab\.m2\repository\org\apache\camel\camel-core-processor\3.18.3\camel-core-processor-3.18.3.jar;C:\Users\aparrab\.m2\repository\org\apache\camel\camel-management-api\3.18.3\camel-management-api-3.18.3.jar;C:\Users\aparrab\.m2\repository\org\apache\camel\camel-support\3.18.3\camel-support-3.18.3.jar;C:\Users\aparrab\.m2\repository\org\apache\camel\camel-util\3.18.3\camel-util-3.18.3.jar;C:\Users\aparrab\.m2\repository\org\apache\camel\camel-main\3.18.3\camel-main-3.18.3.jar;C:\Users\aparrab\.m2\repository\org\apache\camel\camel-base\3.18.3\camel-base-3.18.3.jar;C:\Users\aparrab\.m2\repository\org\apache\camel\camel-core-languages\3.18.3\camel-core-languages-3.18.3.jar;C:\Users\aparrab\.m2\repository\org\apache\camel\camel-bean\3.18.3\camel-bean-3.18.3.jar;C:\Users\aparrab\.m2\repository\org\apache\camel\camel-log\3.18.3\camel-log-3.18.3.jar;C:\Users\aparrab\.m2\repository\org\apache\camel\camel-timer\3.18.3\camel-timer-3.18.3.jar;C:\Users\aparrab\.m2\repository\org\apache\logging\log4j\log4j-slf4j-impl\2.13.3\log4j-slf4j-impl-2.13.3.jar;C:\Users\aparrab\.m2\repository\org\slf4j\slf4j-api\1.7.25\slf4j-api-1.7.25.jar;C:\Users\aparrab\.m2\repository\org\apache\logging\log4j\log4j-api\2.13.3\log4j-api-2.13.3.jar;C:\Users\aparrab\.m2\repository\org\apache\logging\log4j\log4j-core\2.13.3\log4j-core-2.13.3.jar;C:\Users\aparrab\.m2\repository\org\apache\camel\camel-test-main-junit5\3.18.3\camel-test-main-junit5-3.18.3.jar;C:\Users\aparrab\.m2\repository\org\apache\camel\camel-test-junit5\3.18.3\camel-test-junit5-3.18.3.jar;C:\Users\aparrab\.m2\repository\org\apache\camel\camel-browse\3.18.3\camel-browse-3.18.3.jar;C:\Users\aparrab\.m2\repository\org\apache\camel\camel-controlbus\3.18.3\camel-controlbus-3.18.3.jar;C:\Users\aparrab\.m2\repository\org\apache\camel\camel-dataformat\3.18.3\camel-dataformat-3.18.3.jar;C:\Users\aparrab\.m2\repository\org\apache\camel\camel-dataset\3.18.3\camel-dataset-3.18.3.jar;C:\Users\aparrab\.m2\repository\org\apache\camel\camel-direct\3.18.3\camel-direct-3.18.3.jar;C:\Users\aparrab\.m2\repository\org\apache\camel\camel-directvm\3.18.3\camel-directvm-3.18.3.jar;C:\Users\aparrab\.m2\repository\org\apache\camel\camel-language\3.18.3\camel-language-3.18.3.jar;C:\Users\aparrab\.m2\repository\org\apache\camel\camel-mock\3.18.3\camel-mock-3.18.3.jar;C:\Users\aparrab\.m2\repository\org\apache\camel\camel-ref\3.18.3\camel-ref-3.18.3.jar;C:\Users\aparrab\.m2\repository\org\apache\camel\camel-rest\3.18.3\camel-rest-3.18.3.jar;C:\Users\aparrab\.m2\repository\org\apache\camel\camel-saga\3.18.3\camel-saga-3.18.3.jar;C:\Users\aparrab\.m2\repository\org\apache\camel\camel-scheduler\3.18.3\camel-scheduler-3.18.3.jar;C:\Users\aparrab\.m2\repository\org\apache\camel\camel-seda\3.18.3\camel-seda-3.18.3.jar;C:\Users\aparrab\.m2\repository\org\apache\camel\camel-stub\3.18.3\camel-stub-3.18.3.jar;C:\Users\aparrab\.m2\repository\org\apache\camel\camel-validator\3.18.3\camel-validator-3.18.3.jar;C:\Users\aparrab\.m2\repository\org\apache\camel\camel-xml-jaxp\3.18.3\camel-xml-jaxp-3.18.3.jar;C:\Users\aparrab\.m2\repository\org\apache\camel\camel-xml-io-util\3.18.3\camel-xml-io-util-3.18.3.jar;C:\Users\aparrab\.m2\repository\org\apache\camel\camel-vm\3.18.3\camel-vm-3.18.3.jar;C:\Users\aparrab\.m2\repository\org\apache\camel\camel-xpath\3.18.3\camel-xpath-3.18.3.jar;C:\Users\aparrab\.m2\repository\org\apache\camel\camel-xslt\3.18.3\camel-xslt-3.18.3.jar;C:\Users\aparrab\.m2\repository\org\junit\jupiter\junit-jupiter-api\5.8.2\junit-jupiter-api-5.8.2.jar;C:\Users\aparrab\.m2\repository\org\opentest4j\opentest4j\1.2.0\opentest4j-1.2.0.jar;C:\Users\aparrab\.m2\repository\org\junit\platform\junit-platform-commons\1.8.2\junit-platform-commons-1.8.2.jar;C:\Users\aparrab\.m2\repository\org\apiguardian\apiguardian-api\1.1.2\apiguardian-api-1.1.2.jar;C:\Users\aparrab\.m2\repository\org\junit\jupiter\junit-jupiter-engine\5.8.2\junit-jupiter-engine-5.8.2.jar;C:\Users\aparrab\.m2\repository\org\junit\platform\junit-platform-engine\1.8.2\junit-platform-engine-1.8.2.jar;C:\Users\aparrab\.m2\repository\org\junit\jupiter\junit-jupiter-params\5.8.2\junit-jupiter-params-5.8.2.jar;C:\Users\aparrab\.m2\repository\org\apache\camel\camel-ftp\3.18.3\camel-ftp-3.18.3.jar;C:\Users\aparrab\.m2\repository\org\apache\camel\camel-file\3.18.3\camel-file-3.18.3.jar;C:\Users\aparrab\.m2\repository\org\apache\camel\camel-cluster\3.18.3\camel-cluster-3.18.3.jar;C:\Users\aparrab\.m2\repository\org\apache\camel\camel-core-catalog\3.18.3\camel-core-catalog-3.18.3.jar;C:\Users\aparrab\.m2\repository\org\apache\camel\camel-tooling-model\3.18.3\camel-tooling-model-3.18.3.jar;C:\Users\aparrab\.m2\repository\org\apache\camel\camel-util-json\3.18.3\camel-util-json-3.18.3.jar;C:\Users\aparrab\.m2\repository\com\github\mwiede\jsch\0.2.1\jsch-0.2.1.jar;C:\Users\aparrab\.m2\repository\commons-net\commons-net\3.8.0\commons-net-3.8.0.jar;C:\Users\aparrab\.m2\repository\org\apache\camel\camel-debezium-postgres\3.18.3\camel-debezium-postgres-3.18.3.jar;C:\Users\aparrab\.m2\repository\org\apache\camel\camel-debezium-common\3.18.3\camel-debezium-common-3.18.3.jar;C:\Users\aparrab\.m2\repository\org\apache\kafka\kafka-clients\3.0.0\kafka-clients-3.0.0.jar;C:\Users\aparrab\.m2\repository\com\github\luben\zstd-jni\1.5.0-2\zstd-jni-1.5.0-2.jar;C:\Users\aparrab\.m2\repository\org\lz4\lz4-java\1.7.1\lz4-java-1.7.1.jar;C:\Users\aparrab\.m2\repository\org\xerial\snappy\snappy-java\1.1.8.1\snappy-java-1.1.8.1.jar;C:\Users\aparrab\.m2\repository\io\debezium\debezium-api\1.9.5.Final\debezium-api-1.9.5.Final.jar;C:\Users\aparrab\.m2\repository\io\debezium\debezium-embedded\1.9.5.Final\debezium-embedded-1.9.5.Final.jar;C:\Users\aparrab\.m2\repository\org\apache\kafka\connect-api\3.2.0\connect-api-3.2.0.jar;C:\Users\aparrab\.m2\repository\javax\ws\rs\javax.ws.rs-api\2.1.1\javax.ws.rs-api-2.1.1.jar;C:\Users\aparrab\.m2\repository\org\apache\kafka\connect-runtime\3.2.0\connect-runtime-3.2.0.jar;C:\Users\aparrab\.m2\repository\org\apache\kafka\connect-transforms\3.2.0\connect-transforms-3.2.0.jar;C:\Users\aparrab\.m2\repository\org\apache\kafka\kafka-tools\3.2.0\kafka-tools-3.2.0.jar;C:\Users\aparrab\.m2\repository\net\sourceforge\argparse4j\argparse4j\0.7.0\argparse4j-0.7.0.jar;C:\Users\aparrab\.m2\repository\ch\qos\reload4j\reload4j\1.2.19\reload4j-1.2.19.jar;C:\Users\aparrab\.m2\repository\org\bitbucket\b_c\jose4j\0.7.9\jose4j-0.7.9.jar;C:\Users\aparrab\.m2\repository\com\fasterxml\jackson\core\jackson-annotations\2.12.6\jackson-annotations-2.12.6.jar;C:\Users\aparrab\.m2\repository\com\fasterxml\jackson\jaxrs\jackson-jaxrs-json-provider\2.12.6\jackson-jaxrs-json-provider-2.12.6.jar;C:\Users\aparrab\.m2\repository\com\fasterxml\jackson\jaxrs\jackson-jaxrs-base\2.12.6\jackson-jaxrs-base-2.12.6.jar;C:\Users\aparrab\.m2\repository\com\fasterxml\jackson\module\jackson-module-jaxb-annotations\2.12.6\jackson-module-jaxb-annotations-2.12.6.jar;C:\Users\aparrab\.m2\repository\org\glassfish\jersey\containers\jersey-container-servlet\2.34\jersey-container-servlet-2.34.jar;C:\Users\aparrab\.m2\repository\org\glassfish\jersey\containers\jersey-container-servlet-core\2.34\jersey-container-servlet-core-2.34.jar;C:\Users\aparrab\.m2\repository\org\glassfish\hk2\external\jakarta.inject\2.6.1\jakarta.inject-2.6.1.jar;C:\Users\aparrab\.m2\repository\org\glassfish\jersey\core\jersey-common\2.34\jersey-common-2.34.jar;C:\Users\aparrab\.m2\repository\jakarta\annotation\jakarta.annotation-api\1.3.5\jakarta.annotation-api-1.3.5.jar;C:\Users\aparrab\.m2\repository\org\glassfish\hk2\osgi-resource-locator\1.0.3\osgi-resource-locator-1.0.3.jar;C:\Users\aparrab\.m2\repository\org\glassfish\jersey\core\jersey-server\2.34\jersey-server-2.34.jar;C:\Users\aparrab\.m2\repository\org\glassfish\jersey\core\jersey-client\2.34\jersey-client-2.34.jar;C:\Users\aparrab\.m2\repository\jakarta\validation\jakarta.validation-api\2.0.2\jakarta.validation-api-2.0.2.jar;C:\Users\aparrab\.m2\repository\jakarta\ws\rs\jakarta.ws.rs-api\2.1.6\jakarta.ws.rs-api-2.1.6.jar;C:\Users\aparrab\.m2\repository\org\glassfish\jersey\inject\jersey-hk2\2.34\jersey-hk2-2.34.jar;C:\Users\aparrab\.m2\repository\org\glassfish\hk2\hk2-locator\2.6.1\hk2-locator-2.6.1.jar;C:\Users\aparrab\.m2\repository\org\glassfish\hk2\external\aopalliance-repackaged\2.6.1\aopalliance-repackaged-2.6.1.jar;C:\Users\aparrab\.m2\repository\org\glassfish\hk2\hk2-api\2.6.1\hk2-api-2.6.1.jar;C:\Users\aparrab\.m2\repository\org\glassfish\hk2\hk2-utils\2.6.1\hk2-utils-2.6.1.jar;C:\Users\aparrab\.m2\repository\org\javassist\javassist\3.25.0-GA\javassist-3.25.0-GA.jar;C:\Users\aparrab\.m2\repository\javax\xml\bind\jaxb-api\2.3.0\jaxb-api-2.3.0.jar;C:\Users\aparrab\.m2\repository\javax\activation\activation\1.1.1\activation-1.1.1.jar;C:\Users\aparrab\.m2\repository\org\eclipse\jetty\jetty-server\9.4.44.v20210927\jetty-server-9.4.44.v20210927.jar;C:\Users\aparrab\.m2\repository\javax\servlet\javax.servlet-api\3.1.0\javax.servlet-api-3.1.0.jar;C:\Users\aparrab\.m2\repository\org\eclipse\jetty\jetty-http\9.4.44.v20210927\jetty-http-9.4.44.v20210927.jar;C:\Users\aparrab\.m2\repository\org\eclipse\jetty\jetty-io\9.4.44.v20210927\jetty-io-9.4.44.v20210927.jar;C:\Users\aparrab\.m2\repository\org\eclipse\jetty\jetty-servlet\9.4.44.v20210927\jetty-servlet-9.4.44.v20210927.jar;C:\Users\aparrab\.m2\repository\org\eclipse\jetty\jetty-security\9.4.44.v20210927\jetty-security-9.4.44.v20210927.jar;C:\Users\aparrab\.m2\repository\org\eclipse\jetty\jetty-util-ajax\9.4.44.v20210927\jetty-util-ajax-9.4.44.v20210927.jar;C:\Users\aparrab\.m2\repository\org\eclipse\jetty\jetty-servlets\9.4.44.v20210927\jetty-servlets-9.4.44.v20210927.jar;C:\Users\aparrab\.m2\repository\org\eclipse\jetty\jetty-continuation\9.4.44.v20210927\jetty-continuation-9.4.44.v20210927.jar;C:\Users\aparrab\.m2\repository\org\eclipse\jetty\jetty-util\9.4.44.v20210927\jetty-util-9.4.44.v20210927.jar;C:\Users\aparrab\.m2\repository\org\eclipse\jetty\jetty-client\9.4.44.v20210927\jetty-client-9.4.44.v20210927.jar;C:\Users\aparrab\.m2\repository\org\reflections\reflections\0.9.12\reflections-0.9.12.jar;C:\Users\aparrab\.m2\repository\org\apache\maven\maven-artifact\3.8.4\maven-artifact-3.8.4.jar;C:\Users\aparrab\.m2\repository\org\codehaus\plexus\plexus-utils\3.3.0\plexus-utils-3.3.0.jar;C:\Users\aparrab\.m2\repository\org\apache\commons\commons-lang3\3.8.1\commons-lang3-3.8.1.jar;C:\Users\aparrab\.m2\repository\org\apache\kafka\connect-json\3.2.0\connect-json-3.2.0.jar;C:\Users\aparrab\.m2\repository\com\fasterxml\jackson\datatype\jackson-datatype-jdk8\2.12.6\jackson-datatype-jdk8-2.12.6.jar;C:\Users\aparrab\.m2\repository\org\apache\kafka\connect-file\3.2.0\connect-file-3.2.0.jar;C:\Users\aparrab\.m2\repository\io\debezium\debezium-connector-postgres\1.9.5.Final\debezium-connector-postgres-1.9.5.Final.jar;C:\Users\aparrab\.m2\repository\io\debezium\debezium-core\1.9.5.Final\debezium-core-1.9.5.Final.jar;C:\Users\aparrab\.m2\repository\com\fasterxml\jackson\core\jackson-core\2.13.2\jackson-core-2.13.2.jar;C:\Users\aparrab\.m2\repository\com\fasterxml\jackson\core\jackson-databind\2.13.2.2\jackson-databind-2.13.2.2.jar;C:\Users\aparrab\.m2\repository\com\fasterxml\jackson\datatype\jackson-datatype-jsr310\2.13.2\jackson-datatype-jsr310-2.13.2.jar;C:\Users\aparrab\.m2\repository\com\google\guava\guava\30.1.1-jre\guava-30.1.1-jre.jar;C:\Users\aparrab\.m2\repository\com\google\guava\failureaccess\1.0.1\failureaccess-1.0.1.jar;C:\Users\aparrab\.m2\repository\com\google\guava\listenablefuture\9999.0-empty-to-avoid-conflict-with-guava\listenablefuture-9999.0-empty-to-avoid-conflict-with-guava.jar;C:\Users\aparrab\.m2\repository\org\postgresql\postgresql\42.3.5\postgresql-42.3.5.jar;C:\Users\aparrab\.m2\repository\org\checkerframework\checker-qual\3.5.0\checker-qual-3.5.0.jar;C:\Users\aparrab\.m2\repository\com\google\protobuf\protobuf-java\3.19.2\protobuf-java-3.19.2.jar;"/>
    <property name="sun.cpu.endian" value="little"/>
    <property name="user.home" value="C:\Users\aparrab"/>
    <property name="user.language" value="es"/>
    <property name="java.specification.vendor" value="Oracle Corporation"/>
    <property name="java.version.date" value="2024-01-16"/>
    <property name="java.home" value="C:\amazon-corretto-17.0.10.7.1-windows-x64-jdk\jdk17.0.10_7"/>
    <property name="file.separator" value="\"/>
    <property name="basedir" value="E:\IntegracionFueraDeLinea"/>
    <property name="java.vm.compressedOopsMode" value="Zero based"/>
    <property name="line.separator" value="&#10;"/>
    <property name="java.vm.specification.vendor" value="Oracle Corporation"/>
    <property name="java.specification.name" value="Java Platform API Specification"/>
    <property name="surefire.real.class.path" value="C:\Users\aparrab\AppData\Local\Temp\surefire7679529644159871539\surefirebooter17270769106937233864.jar"/>
    <property name="user.script" value=""/>
    <property name="sun.management.compiler" value="HotSpot 64-Bit Tiered Compilers"/>
    <property name="java.runtime.version" value="17.0.10+7-LTS"/>
    <property name="user.name" value="aparrab"/>
    <property name="path.separator" value=";"/>
    <property name="os.version" value="10.0"/>
    <property name="java.runtime.name" value="OpenJDK Runtime Environment"/>
    <property name="file.encoding" value="Cp1252"/>
    <property name="java.vm.name" value="OpenJDK 64-Bit Server VM"/>
    <property name="java.vendor.version" value="Corretto-17.0.10.7.1"/>
    <property name="localRepository" value="C:\Users\aparrab\.m2\repository"/>
    <property name="java.vendor.url.bug" value="https://github.com/corretto/corretto-17/issues/"/>
    <property name="java.io.tmpdir" value="C:\Users\aparrab\AppData\Local\Temp\"/>
    <property name="java.version" value="17.0.10"/>
    <property name="user.dir" value="E:\IntegracionFueraDeLinea"/>
    <property name="os.arch" value="amd64"/>
    <property name="java.vm.specification.name" value="Java Virtual Machine Specification"/>
    <property name="sun.os.patch.level" value=""/>
    <property name="native.encoding" value="Cp1252"/>
    <property name="java.library.path" value="C:\amazon-corretto-17.0.10.7.1-windows-x64-jdk\jdk17.0.10_7\bin;C:\Windows\Sun\Java\bin;C:\Windows\system32;C:\Windows;C:\Program Files\Amazon Corretto\jdk17.0.10_7\bin;C:\Program Files\Common Files\Oracle\Java\javapath;C:\Program Files\ARX-3.9.1\bin;C:\Program Files\Microsoft\jdk-11.0.16.101-hotspot\bin;C:\Program Files\Eclipse Adoptium\jdk-17.0.8.7-hotspot\bin;C:\Program Files\GTK3-Runtime Win64\bin;C:\Users\aparrab\Downloads\WINDOWS.X64_193000_db_home\bin;C:\Program Files (x86)\Common Files\Oracle\Java\javapath;C:\Program Files\Python310\Scripts\;C:\Program Files\Python310\;C:\app\aparrab\product\11.2.0\client_1\bin;C:\Program Files (x86)\VMware\VMware Workstation\bin\;C:\app\client\aparrab\product\12.2.0\client_1;C:\app\client\aparrab\product\12.2.0\client_1\bin;C:\app\client\aparrab\product\19.0.0\client_1\bin;C:\Windows\system32;C:\Windows;C:\Windows\System32\Wbem;C:\Windows\System32\WindowsPowerShell\v1.0\;C:\Windows\System32\OpenSSH\;C:\Program Files\Redis\;C:\Program Files (x86)\AOMEI\AOMEI Backupper 6.4.0;C:\Program Files\dotnet\;C:\Program Files\PuTTY\;C:\Program Files\Microsoft SQL Server\120\Tools\Binn\;C:\Program Files\Common Files\Autodesk Shared\;C:\Program Files\Microsoft SQL Server\150\Tools\Binn\;C:\Program Files\Microsoft SQL Server\Client SDK\ODBC\170\Tools\Binn\;C:\Program Files\nodejs\;C:\Program Files\Git\cmd;C:\Program Files (x86)\Microsoft SQL Server\150\Tools\Binn\;C:\Program Files\Microsoft SQL Server\150\DTS\Binn\;C:\Program Files (x86)\Microsoft SQL Server\160\Tools\Binn\;C:\Program Files\Microsoft SQL Server\160\Tools\Binn\;C:\Program Files\Microsoft SQL Server\160\DTS\Binn\;C:\Program Files (x86)\Microsoft SQL Server\160\DTS\Binn\;C:\Program Files\Azure Data Studio\bin;C:\Program Files (x86)\Windows Kits\10\Windows Performance Toolkit\;C:\wamp64\bin\php\php7.4.33;C:\composer;C:\Program Files\MongoDB\Server\7.0\bin;C:\Program Files\Microsoft Visual Studio\2022\Professional\MSBuild\Current\Bin;C:\sonar-scanner-msbuild-5.15.0.80890-net46;C:\sonar-scanner-4.8.1.3023-windows\bin;C:\Program Files\Docker\Docker\resources\bin;C:\Program Files\Kubernetes\Minikube;C:\apache-maven-3.9.6\bin;C:\Users\aparrab\AppData\Local\Programs\Python\Python312\Scripts\;C:\Users\aparrab\AppData\Local\Programs\Python\Python312\;E:\python311\Scripts\;E:\python311\;C:\Users\aparrab\AppData\Local\Programs\Python\Python311\Scripts\;C:\Users\aparrab\AppData\Local\Programs\Python\Python311\;C:\Users\aparrab\AppData\Local\Programs\Python\Python38\Scripts\;C:\Users\aparrab\AppData\Local\Programs\Python\Python38\;C:\Users\aparrab\AppData\Local\Programs\Python\Python39\Scripts\;C:\Users\aparrab\AppData\Local\Programs\Python\Python39\;C:\Users\aparrab\AppData\Local\Microsoft\WindowsApps;C:\Program Files\JetBrains\PyCharm 2021.1.3\bin;C:\Users\aparrab\AppData\Local\Programs\Microsoft VS Code\bin;C:\Users\aparrab\.dotnet\tools;C:\Users\aparrab\AppData\Roaming\npm;C:\Program Files\heroku\bin;C:\Program Files\JetBrains\IntelliJ IDEA 2023.2\bin;C:\Users\aparrab\AppData\Roaming\Composer\vendor\bin;C:\Program Files (x86)\Nmap;."/>
    <property name="java.vm.info" value="mixed mode, sharing"/>
    <property name="java.vendor" value="Amazon.com Inc."/>
    <property name="java.vm.version" value="17.0.10+7-LTS"/>
    <property name="sun.io.unicode.encoding" value="UnicodeLittle"/>
    <property name="java.class.version" value="61.0"/>
  </properties>
  <testcase name="should_complete_the_auto_detected_route" classname="org.acme.camelIntegracionFueradeLineaaparrab.MyApplicationTest" time="1.415">
    <system-out><![CDATA[[                          main] CamelTestSupport               INFO  ********************************************************************************
[                          main] CamelTestSupport               INFO  Testing: should_complete_the_auto_detected_route() (org.acme.camelIntegracionFueradeLineaaparrab.MyApplicationTest)
[                          main] CamelTestSupport               INFO  ********************************************************************************
[                          main] BaseMainSupport                INFO  Classpath scanning enabled from base package: org.acme.camelIntegracionFueradeLineaaparrab
[                          main] BaseMainSupport                INFO  Auto-configuration summary
[                          main] BaseMainSupport                INFO      [application.properties]       camel.main.name=MyTimerCamel
[                          main] AbstractCamelContext           INFO  Apache Camel 3.18.3 (MyTimerCamel) is starting
[                          main] BaseMainSupport                INFO  Property-placeholders summary
[                          main] BaseMainSupport                INFO      [application.properties]       hi=Hello
[                          main] BaseMainSupport                INFO      [application.properties]       bye=Goodbye
[                          main] BaseMainSupport                INFO      [application.properties]       myPeriod=3000
[                          main] AbstractCamelContext           INFO  Routes startup (started:1)
[                          main] AbstractCamelContext           INFO      Started route1 (timer://foo)
[                          main] AbstractCamelContext           INFO  Apache Camel 3.18.3 (MyTimerCamel) started in 159ms (build:39ms init:104ms start:16ms)
[Camel) thread #1 - timer://foo] route1                         INFO  Hello how are you?
[Camel) thread #1 - timer://foo] route1                         INFO  Goodbye World
[                          main] CamelTestSupport               INFO  ********************************************************************************
[                          main] CamelTestSupport               INFO  Testing done: should_complete_the_auto_detected_route() (org.acme.camelIntegracionFueradeLineaaparrab.MyApplicationTest)
[                          main] CamelTestSupport               INFO  Took: 1s6ms (1006 millis)
[                          main] CamelTestSupport               INFO  ********************************************************************************
[                          main] AbstractCamelContext           INFO  Apache Camel 3.18.3 (MyTimerCamel) is shutting down (timeout:10s)
[                          main] AbstractCamelContext           INFO  Routes stopped (stopped:1)
[                          main] AbstractCamelContext           INFO      Stopped route1 (timer://foo)
[                          main] AbstractCamelContext           INFO  Apache Camel 3.18.3 (MyTimerCamel) shutdown in 16ms (uptime:1s)
]]></system-out>
  </testcase>
</testsuite>